# JRE version: Java(TM) SE Runtime Environment (8.0_91-b14) (build 1.8.0_91-b14)
# Java VM: Java HotSpot(TM) 64-Bit Server VM (25.91-b14 mixed mode windows-amd64 compressed oops)
Heap:
 PSYoungGen      total 96256K, used 45753K [0x00000000f0000000, 0x00000000f8b00000, 0x0000000100000000)
  eden space 88064K, 42% used [0x00000000f0000000,0x00000000f24b2520,0x00000000f5600000)
  from space 8192K, 99% used [0x00000000f5600000,0x00000000f5dfc060,0x00000000f5e00000)
  to   space 11264K, 0% used [0x00000000f8000000,0x00000000f8000000,0x00000000f8b00000)
 ParOldGen       total 38912K, used 15854K [0x00000000d0000000, 0x00000000d2600000, 0x00000000f0000000)
  object space 38912K, 40% used [0x00000000d0000000,0x00000000d0f7b970,0x00000000d2600000)
 Metaspace       used 44758K, capacity 45104K, committed 45480K, reserved 1087488K
  class space    used 7964K, capacity 8051K, committed 8104K, reserved 1048576K
GC Heap History (10 events):
Event: 241.091 GC heap before
{Heap before GC invocations=9 (full 1):
 PSYoungGen      total 39424K, used 38557K [0x00000000f0000000, 0x00000000f4980000, 0x0000000100000000)
  eden space 32768K, 100% used [0x00000000f0000000,0x00000000f2000000,0x00000000f2000000)
  from space 6656K, 86% used [0x00000000f2000000,0x00000000f25a74a0,0x00000000f2680000)
  to   space 7168K, 0% used [0x00000000f4280000,0x00000000f4280000,0x00000000f4980000)
 ParOldGen       total 30208K, used 6738K [0x00000000d0000000, 0x00000000d1d80000, 0x00000000f0000000)
  object space 30208K, 22% used [0x00000000d0000000,0x00000000d0694ab0,0x00000000d1d80000)
 Metaspace       used 30686K, capacity 31108K, committed 31488K, reserved 1075200K
  class space    used 5157K, capacity 5266K, committed 5376K, reserved 1048576K
Event: 243.899 GC heap after
Heap after GC invocations=9 (full 1):
 PSYoungGen      total 67584K, used 6199K [0x00000000f0000000, 0x00000000f4b80000, 0x0000000100000000)
  eden space 60416K, 0% used [0x00000000f0000000,0x00000000f0000000,0x00000000f3b00000)
  from space 7168K, 86% used [0x00000000f4280000,0x00000000f488df80,0x00000000f4980000)
  to   space 7680K, 0% used [0x00000000f3b00000,0x00000000f3b00000,0x00000000f4280000)
 ParOldGen       total 30208K, used 6738K [0x00000000d0000000, 0x00000000d1d80000, 0x00000000f0000000)
  object space 30208K, 22% used [0x00000000d0000000,0x00000000d0694ab0,0x00000000d1d80000)
 Metaspace       used 30686K, capacity 31108K, committed 31488K, reserved 1075200K
  class space    used 5157K, capacity 5266K, committed 5376K, reserved 1048576K
}
Event: 304.307 GC heap before
{Heap before GC invocations=10 (full 1):
 PSYoungGen      total 67584K, used 51865K [0x00000000f0000000, 0x00000000f4b80000, 0x0000000100000000)
  eden space 60416K, 75% used [0x00000000f0000000,0x00000000f2c984d0,0x00000000f3b00000)
  from space 7168K, 86% used [0x00000000f4280000,0x00000000f488df80,0x00000000f4980000)
  to   space 7680K, 0% used [0x00000000f3b00000,0x00000000f3b00000,0x00000000f4280000)
 ParOldGen       total 30208K, used 6738K [0x00000000d0000000, 0x00000000d1d80000, 0x00000000f0000000)
  object space 30208K, 22% used [0x00000000d0000000,0x00000000d0694ab0,0x00000000d1d80000)
 Metaspace       used 35044K, capacity 35418K, committed 35496K, reserved 1079296K
  class space    used 6192K, capacity 6276K, committed 6312K, reserved 1048576K
Event: 304.968 GC heap after
Heap after GC invocations=10 (full 1):
 PSYoungGen      total 68096K, used 6808K [0x00000000f0000000, 0x00000000f6980000, 0x0000000100000000)
  eden space 60416K, 0% used [0x00000000f0000000,0x00000000f0000000,0x00000000f3b00000)
  from space 7680K, 88% used [0x00000000f3b00000,0x00000000f41a6238,0x00000000f4280000)
  to   space 8192K, 0% used [0x00000000f6180000,0x00000000f6180000,0x00000000f6980000)
 ParOldGen       total 30208K, used 6738K [0x00000000d0000000, 0x00000000d1d80000, 0x00000000f0000000)
  object space 30208K, 22% used [0x00000000d0000000,0x00000000d0694ab0,0x00000000d1d80000)
 Metaspace       used 35044K, capacity 35418K, committed 35496K, reserved 1079296K
  class space    used 6192K, capacity 6276K, committed 6312K, reserved 1048576K
}
Event: 304.969 GC heap before
{Heap before GC invocations=11 (full 2):
 PSYoungGen      total 68096K, used 6808K [0x00000000f0000000, 0x00000000f6980000, 0x0000000100000000)
  eden space 60416K, 0% used [0x00000000f0000000,0x00000000f0000000,0x00000000f3b00000)
  from space 7680K, 88% used [0x00000000f3b00000,0x00000000f41a6238,0x00000000f4280000)
  to   space 8192K, 0% used [0x00000000f6180000,0x00000000f6180000,0x00000000f6980000)
 ParOldGen       total 30208K, used 6738K [0x00000000d0000000, 0x00000000d1d80000, 0x00000000f0000000)
  object space 30208K, 22% used [0x00000000d0000000,0x00000000d0694ab0,0x00000000d1d80000)
 Metaspace       used 35044K, capacity 35418K, committed 35496K, reserved 1079296K
  class space    used 6192K, capacity 6276K, committed 6312K, reserved 1048576K
Event: 308.783 GC heap after
Heap after GC invocations=11 (full 2):
 PSYoungGen      total 68096K, used 0K [0x00000000f0000000, 0x00000000f6980000, 0x0000000100000000)
  eden space 60416K, 0% used [0x00000000f0000000,0x00000000f0000000,0x00000000f3b00000)
  from space 7680K, 0% used [0x00000000f3b00000,0x00000000f3b00000,0x00000000f4280000)
  to   space 8192K, 0% used [0x00000000f6180000,0x00000000f6180000,0x00000000f6980000)
 ParOldGen       total 38912K, used 9835K [0x00000000d0000000, 0x00000000d2600000, 0x00000000f0000000)
  object space 38912K, 25% used [0x00000000d0000000,0x00000000d099adc8,0x00000000d2600000)
 Metaspace       used 35021K, capacity 35358K, committed 35496K, reserved 1079296K
  class space    used 6187K, capacity 6256K, committed 6312K, reserved 1048576K
}
Event: 359.146 GC heap before
{Heap before GC invocations=12 (full 2):
 PSYoungGen      total 68096K, used 60416K [0x00000000f0000000, 0x00000000f6980000, 0x0000000100000000)
  eden space 60416K, 100% used [0x00000000f0000000,0x00000000f3b00000,0x00000000f3b00000)
  from space 7680K, 0% used [0x00000000f3b00000,0x00000000f3b00000,0x00000000f4280000)
  to   space 8192K, 0% used [0x00000000f6180000,0x00000000f6180000,0x00000000f6980000)
 ParOldGen       total 38912K, used 9835K [0x00000000d0000000, 0x00000000d2600000, 0x00000000f0000000)
  object space 38912K, 25% used [0x00000000d0000000,0x00000000d099adc8,0x00000000d2600000)
 Metaspace       used 38232K, capacity 38494K, committed 38696K, reserved 1081344K
  class space    used 7048K, capacity 7088K, committed 7208K, reserved 1048576K
Event: 360.052 GC heap after
Heap after GC invocations=12 (full 2):
 PSYoungGen      total 89088K, used 4372K [0x00000000f0000000, 0x00000000f6600000, 0x0000000100000000)
  eden space 84480K, 0% used [0x00000000f0000000,0x00000000f0000000,0x00000000f5280000)
  from space 4608K, 94% used [0x00000000f6180000,0x00000000f65c5330,0x00000000f6600000)
  to   space 8192K, 0% used [0x00000000f5600000,0x00000000f5600000,0x00000000f5e00000)
 ParOldGen       total 38912K, used 9843K [0x00000000d0000000, 0x00000000d2600000, 0x00000000f0000000)
  object space 38912K, 25% used [0x00000000d0000000,0x00000000d099cdc8,0x00000000d2600000)
 Metaspace       used 38232K, capacity 38494K, committed 38696K, reserved 1081344K
  class space    used 7048K, capacity 7088K, committed 7208K, reserved 1048576K
}
Event: 526.773 GC heap before
{Heap before GC invocations=13 (full 2):
 PSYoungGen      total 89088K, used 88852K [0x00000000f0000000, 0x00000000f6600000, 0x0000000100000000)
  eden space 84480K, 100% used [0x00000000f0000000,0x00000000f5280000,0x00000000f5280000)
  from space 4608K, 94% used [0x00000000f6180000,0x00000000f65c5330,0x00000000f6600000)
  to   space 8192K, 0% used [0x00000000f5600000,0x00000000f5600000,0x00000000f5e00000)
 ParOldGen       total 38912K, used 9843K [0x00000000d0000000, 0x00000000d2600000, 0x00000000f0000000)
  object space 38912K, 25% used [0x00000000d0000000,0x00000000d099cdc8,0x00000000d2600000)
 Metaspace       used 44615K, capacity 44976K, committed 45224K, reserved 1087488K
  class space    used 7962K, capacity 8051K, committed 8104K, reserved 1048576K
Event: 535.177 GC heap after
Heap after GC invocations=13 (full 2):
 PSYoungGen      total 96256K, used 8176K [0x00000000f0000000, 0x00000000f8b00000, 0x0000000100000000)
  eden space 88064K, 0% used [0x00000000f0000000,0x00000000f0000000,0x00000000f5600000)
  from space 8192K, 99% used [0x00000000f5600000,0x00000000f5dfc060,0x00000000f5e00000)
  to   space 11264K, 0% used [0x00000000f8000000,0x00000000f8000000,0x00000000f8b00000)
 ParOldGen       total 38912K, used 15854K [0x00000000d0000000, 0x00000000d2600000, 0x00000000f0000000)
  object space 38912K, 40% used [0x00000000d0000000,0x00000000d0f7b970,0x00000000d2600000)
 Metaspace       used 44615K, capacity 44976K, committed 45224K, reserved 1087488K
  class space    used 7962K, capacity 8051K, committed 8104K, reserved 1048576K
}

